<?xml version="1.0" encoding="UTF-8"?>
<!-- Generated by org.testng.reporters.JUnitReportReporter -->
<testsuite hostname="DESKTOP-TR185PD" failures="0" tests="1" name="com.pantalooons.LoginPage.MyAccountTest" time="50.458" errors="0" timestamp="2022-07-01T17:58:34 IST" skipped="0">
  <testcase classname="com.pantalooons.LoginPage.MyAccountTest" name="VerifyRegPage" time="50.458"/>
  <system-out/>
</testsuite> <!-- com.pantalooons.LoginPage.MyAccountTest -->
